feature done=1
# xboard
# protover 2
# accepted done
# new
# random
# level 40 5 0
# post
# hard
# time 30000
# otim 30000
# e2e3
#
# 8 RbNbBbQbKbBbNbRb
# 7 PbPbPbPbPbPbPbPb
# 6 ................
# 5 ................
# 4 ................
# 3 ........Pw......
# 2 PwPwPwPw..PwPwPw
# 1 RwNwBwQwKwBwNwRw
#   a b c d e f g h
#
# current eval = -20
# SEARCHDEPTH = 5
a7a5: g1f3 d7d5 d2d4 e7e5 -15
a7a6: g1f3 d7d5 d2d4 e7e5 -10
b7b5: f1b5 e7e5 b1c3 b8c6 -85
b7b6: b1c3 e7e5 g1f3 d7d5 -15
c7c5: g1f3 d7d5 b1c3 e7e5 -10
c7c6: g1f3 d8b6 b1c3 b6b2 -25
d7d5: b1c3 e7e5 g1f3 b8c6 50
d7d6: b1c3 e7e5 g1f3 b8c6 10
e7e5: g1e2 f8c5 b1c3 c5e3 65
e7e6: g1e2 d8f6 e3e4 f6b2 30
f7f5: d2d4 d7d5 d1h5 e8d7 -30
f7f6: d2d4 d7d5 d1h5 e8d7 -40
g7g5: g1f3 g5g4 f3d4 d7d5 -25
g7g6: g1f3 f8g7 e3e4 g7b2 -5
h7h5: g1f3 d7d5 d2d4 e7e5 -15
h7h6: g1f3 d7d5 d2d4 e7e5 -10
b8a6: f1a6 b7a6 d2d4 d7d5 15
b8c6: b1c3 d7d5 g1f3 e7e5 50
g8f6: g1f3 d7d5 d2d4 e7e5 40
g8h6: b1c3 e7e5 g1f3 d7d5 10
# pv: e7e5 g1e2 f8c5 b1c3 c5e3 65
# 558487.44 n/s
#
# 8 RbNbBbQbKbBbNbRb
# 7 PbPbPbPb..PbPbPb
# 6 ................
# 5 ........Pb......
# 4 ................
# 3 ........Pw......
# 2 PwPwPwPw..PwPwPw
# 1 RwNwBwQwKwBwNwRw
#   a b c d e f g h
#
# current eval = 40
move e7e5
# ! move e7e5
best response score = 20 (move = d2d4)
# result * {xboard exit}
# force
# quit
# Be seeing you...
